<?xml version="1.0" encoding="UTF-8"?>
<!-- Generated by org.testng.reporters.JUnitXMLReporter -->
<testsuite hostname="Vaibhav" ignored="0" name="Default test" tests="7" failures="0" timestamp="16 Apr 2023 11:37:42 GMT" time="0.134" errors="0">
  <testcase name="@BeforeTest open_Browser" time="0.0" classname="com.theagoraexchange.base.Base_Class">
    <failure type="org.testng.TestNGException" message="
Parameter &amp;apos;browser&amp;apos; is required by BeforeTest on method open_Browser but has not been marked @Optional or defined
in C:\Users\Vaibhav\AppData\Local\Temp\testng-eclipse--1532742977\testng-customsuite.xml">
      <![CDATA[org.testng.TestNGException: 
Parameter 'browser' is required by BeforeTest on method open_Browser but has not been marked @Optional or defined
in C:\Users\Vaibhav\AppData\Local\Temp\testng-eclipse--1532742977\testng-customsuite.xml
at org.testng.internal.Parameters.createParams(Parameters.java:290)
at org.testng.internal.Parameters.createParametersForMethod(Parameters.java:359)
at org.testng.internal.Parameters.createParameters(Parameters.java:620)
at org.testng.internal.Parameters.createConfigurationParameters(Parameters.java:190)
at org.testng.internal.Invoker.invokeConfigurations(Invoker.java:209)
at org.testng.internal.Invoker.invokeConfigurations(Invoker.java:142)
at org.testng.TestRunner.beforeRun(TestRunner.java:529)
at org.testng.TestRunner.run(TestRunner.java:497)
at org.testng.SuiteRunner.runTest(SuiteRunner.java:455)
at org.testng.SuiteRunner.runSequentially(SuiteRunner.java:450)
at org.testng.SuiteRunner.privateRun(SuiteRunner.java:415)
at org.testng.SuiteRunner.run(SuiteRunner.java:364)
at org.testng.SuiteRunnerWorker.runSuite(SuiteRunnerWorker.java:52)
at org.testng.SuiteRunnerWorker.run(SuiteRunnerWorker.java:84)
at org.testng.TestNG.runSuitesSequentially(TestNG.java:1208)
at org.testng.TestNG.runSuitesLocally(TestNG.java:1137)
at org.testng.TestNG.runSuites(TestNG.java:1049)
at org.testng.TestNG.run(TestNG.java:1017)
at org.testng.remote.AbstractRemoteTestNG.run(AbstractRemoteTestNG.java:115)
at org.testng.remote.RemoteTestNG.initAndRun(RemoteTestNG.java:251)
at org.testng.remote.RemoteTestNG.main(RemoteTestNG.java:77)
]]>
    </failure>
  </testcase> <!-- @BeforeTest open_Browser -->
  <testcase name="@BeforeClass enter_ApplicationUrl" time="0.0" classname="com.theagoraexchange.base.Base_Class">
    <skipped/>
  </testcase> <!-- @BeforeClass enter_ApplicationUrl -->
  <testcase name="verify_LandingPage" time="0.0" classname="com.theagoraexchange.test.Test">
    <skipped/>
  </testcase> <!-- verify_LandingPage -->
  <testcase name="verify_AlertMeassageWithInvalidCredentials" time="0.0" classname="com.theagoraexchange.test.Test">
    <skipped/>
  </testcase> <!-- verify_AlertMeassageWithInvalidCredentials -->
  <testcase name="verify_WithValidCredentials" time="0.0" classname="com.theagoraexchange.test.Test">
    <skipped/>
  </testcase> <!-- verify_WithValidCredentials -->
  <testcase name="verify_Dashboard" time="0.0" classname="com.theagoraexchange.test.Test">
    <skipped/>
  </testcase> <!-- verify_Dashboard -->
  <testcase name="SearchandVerifyproduct" time="0.0" classname="com.theagoraexchange.test.Test">
    <skipped/>
  </testcase> <!-- SearchandVerifyproduct -->
  <testcase name="produtselectionandincreament" time="0.0" classname="com.theagoraexchange.test.Test">
    <skipped/>
  </testcase> <!-- produtselectionandincreament -->
  <testcase name="addToCart" time="0.0" classname="com.theagoraexchange.test.Test">
    <skipped/>
  </testcase> <!-- addToCart -->
</testsuite> <!-- Default test -->
