<?xml version="1.0" encoding="UTF-8"?>
<!-- Generated by org.testng.reporters.JUnitXMLReporter -->
<testsuite hostname="Vaibhav" ignored="0" name="EdgeTest" tests="11" failures="7" timestamp="16 Apr 2023 18:05:13 GMT" time="132.204" errors="0">
  <testcase name="verify_LandingPage" time="0.031" classname="com.theagoraexchange.test.Test">
    <failure type="java.lang.AssertionError" message="Verified lan	ding page suceessfully expected [Home|AgoraExchange - AgoraExchangeFrontend] but found [AgoraExchangeFrontend]">
      <![CDATA[java.lang.AssertionError: Verified landing page suceessfully expected [Home|AgoraExchange - AgoraExchangeFrontend] but found [AgoraExchangeFrontend]
at com.theagoraexchange.test.Test.verify_LandingPage(Test.java:31)
... Removed 30 stack frames]]>
    </failure>
  </testcase> <!-- verify_LandingPage -->
  <testcase name="verify_AlertMeassageWithInvalidCredentials" time="13.443" classname="com.theagoraexchange.test.Test"/>
  <testcase name="verify_AlertMeassageWithInvalidCredentials" time="13.447" classname="com.theagoraexchange.test.Test">
    <failure type="java.lang.NullPointerException">
      <![CDATA[java.lang.NullPointerException
at com.theagoraexchange.utility.Listerners.onTestSuccess(Listerners.java:23)
... Removed 22 stack frames]]>
    </failure>
  </testcase> <!-- verify_AlertMeassageWithInvalidCredentials -->
  <testcase name="verify_WithValidCredentials" time="43.181" classname="com.theagoraexchange.test.Test">
    <failure type="org.openqa.selenium.TimeoutException" message="Expected condition failed: waiting for visibility of element located by By.xpath: //*[@id=\&amp;quot;login\&amp;quot;]/div/div/div/form/div[4]/button (tried for 7 second(s) with 500 milliseconds interval)">
      <![CDATA[org.openqa.selenium.TimeoutException: Expected condition failed: waiting for visibility of element located by By.xpath: //*[@id=\"login\"]/div/div/div/form/div[4]/button (tried for 7 second(s) with 500 milliseconds interval)
at org.openqa.selenium.support.ui.WebDriverWait.timeoutException(WebDriverWait.java:95)
at org.openqa.selenium.support.ui.FluentWait.until(FluentWait.java:272)
at com.theagoraexchange.test.Test.verify_WithValidCredentials(Test.java:69)
Caused by: org.openqa.selenium.InvalidSelectorException: invalid selector: Unable to locate an element with the xpath expression //*[@id=\"login\"]/div/div/div/form/div[4]/button because of the following error:
SyntaxError: Failed to execute 'evaluate' on 'Document': The string '//*[@id=\"login\"]/div/div/div/form/div[4]/button' is not a valid XPath expression.
  (Session info: chrome=112.0.5615.87)
For documentation on this error, please visit: https://www.seleniumhq.org/exceptions/invalid_selector_exception.html
Build info: version: '3.141.59', revision: 'e82be7d358', time: '2018-11-14T08:17:03'
System info: host: 'VAIBHAV', ip: '192.168.105.64', os.name: 'Windows 10', os.arch: 'amd64', os.version: '10.0', java.version: '1.8.0_291'
Driver info: org.openqa.selenium.chrome.ChromeDriver
Capabilities {acceptInsecureCerts: false, browserName: chrome, browserVersion: 112.0.5615.87, chrome: {chromedriverVersion: 112.0.5615.49 (bd2a7bcb881c..., userDataDir: C:\Users\Vaibhav\AppData\Lo...}, goog:chromeOptions: {debuggerAddress: localhost:50275}, javascriptEnabled: true, networkConnectionEnabled: false, pageLoadStrategy: normal, platform: WINDOWS, platformName: WINDOWS, proxy: Proxy(), setWindowRect: true, strictFileInteractability: false, timeouts: {implicit: 0, pageLoad: 300000, script: 30000}, unhandledPromptBehavior: dismiss and notify, webauthn:extension:credBlob: true, webauthn:extension:largeBlob: true, webauthn:extension:minPinLength: true, webauthn:extension:prf: true, webauthn:virtualAuthenticators: true}
Session ID: 1713cce6830ac9c1daf8bccde9d0fa60
*** Element info: {Using=xpath, value=//*[@id=\"login\"]/div/div/div/form/div[4]/button}
at org.openqa.selenium.remote.http.W3CHttpResponseCodec.createException(W3CHttpResponseCodec.java:187)
at org.openqa.selenium.remote.http.W3CHttpResponseCodec.decode(W3CHttpResponseCodec.java:122)
at org.openqa.selenium.remote.http.W3CHttpResponseCodec.decode(W3CHttpResponseCodec.java:49)
at org.openqa.selenium.remote.HttpCommandExecutor.execute(HttpCommandExecutor.java:158)
at org.openqa.selenium.remote.service.DriverCommandExecutor.execute(DriverCommandExecutor.java:83)
at org.openqa.selenium.remote.RemoteWebDriver.execute(RemoteWebDriver.java:552)
at org.openqa.selenium.remote.RemoteWebDriver.findElement(RemoteWebDriver.java:323)
at org.openqa.selenium.remote.RemoteWebDriver.findElementByXPath(RemoteWebDriver.java:428)
at org.openqa.selenium.By$ByXPath.findElement(By.java:353)
at org.openqa.selenium.remote.RemoteWebDriver.findElement(RemoteWebDriver.java:315)
at org.openqa.selenium.support.ui.ExpectedConditions$7.apply(ExpectedConditions.java:205)
at org.openqa.selenium.support.ui.ExpectedConditions$7.apply(ExpectedConditions.java:201)
at org.openqa.selenium.support.ui.FluentWait.until(FluentWait.java:249)
... 26 more
... Removed 28 stack frames]]>
    </failure>
  </testcase> <!-- verify_WithValidCredentials -->
  <testcase name="verify_Dashboard" time="0.061" classname="com.theagoraexchange.test.Test"/>
  <testcase name="verify_Dashboard" time="0.071" classname="com.theagoraexchange.test.Test">
    <failure type="java.lang.NullPointerException">
      <![CDATA[java.lang.NullPointerException
at com.theagoraexchange.utility.Listerners.onTestSuccess(Listerners.java:23)
... Removed 22 stack frames]]>
    </failure>
  </testcase> <!-- verify_Dashboard -->
  <testcase name="SearchandVerifyproduct" time="8.444" classname="com.theagoraexchange.test.Test">
    <failure type="org.openqa.selenium.TimeoutException" message="Expected condition failed: waiting for visibility of element located by By.xpath: //*[@id=\&amp;quot;app\&amp;quot;]/header/nav/div/form/button (tried for 7 second(s) with 500 milliseconds interval)">
      <![CDATA[org.openqa.selenium.TimeoutException: Expected condition failed: waiting for visibility of element located by By.xpath: //*[@id=\"app\"]/header/nav/div/form/button (tried for 7 second(s) with 500 milliseconds interval)
at org.openqa.selenium.support.ui.WebDriverWait.timeoutException(WebDriverWait.java:95)
at org.openqa.selenium.support.ui.FluentWait.until(FluentWait.java:272)
at com.theagoraexchange.test.Test.SearchandVerifyproduct(Test.java:96)
Caused by: org.openqa.selenium.InvalidSelectorException: invalid selector: Unable to locate an element with the xpath expression //*[@id=\"app\"]/header/nav/div/form/button because of the following error:
SyntaxError: Failed to execute 'evaluate' on 'Document': The string '//*[@id=\"app\"]/header/nav/div/form/button' is not a valid XPath expression.
  (Session info: chrome=112.0.5615.87)
For documentation on this error, please visit: https://www.seleniumhq.org/exceptions/invalid_selector_exception.html
Build info: version: '3.141.59', revision: 'e82be7d358', time: '2018-11-14T08:17:03'
System info: host: 'VAIBHAV', ip: '192.168.105.64', os.name: 'Windows 10', os.arch: 'amd64', os.version: '10.0', java.version: '1.8.0_291'
Driver info: org.openqa.selenium.chrome.ChromeDriver
Capabilities {acceptInsecureCerts: false, browserName: chrome, browserVersion: 112.0.5615.87, chrome: {chromedriverVersion: 112.0.5615.49 (bd2a7bcb881c..., userDataDir: C:\Users\Vaibhav\AppData\Lo...}, goog:chromeOptions: {debuggerAddress: localhost:50275}, javascriptEnabled: true, networkConnectionEnabled: false, pageLoadStrategy: normal, platform: WINDOWS, platformName: WINDOWS, proxy: Proxy(), setWindowRect: true, strictFileInteractability: false, timeouts: {implicit: 0, pageLoad: 300000, script: 30000}, unhandledPromptBehavior: dismiss and notify, webauthn:extension:credBlob: true, webauthn:extension:largeBlob: true, webauthn:extension:minPinLength: true, webauthn:extension:prf: true, webauthn:virtualAuthenticators: true}
Session ID: 1713cce6830ac9c1daf8bccde9d0fa60
*** Element info: {Using=xpath, value=//*[@id=\"app\"]/header/nav/div/form/button}
at org.openqa.selenium.remote.http.W3CHttpResponseCodec.createException(W3CHttpResponseCodec.java:187)
at org.openqa.selenium.remote.http.W3CHttpResponseCodec.decode(W3CHttpResponseCodec.java:122)
at org.openqa.selenium.remote.http.W3CHttpResponseCodec.decode(W3CHttpResponseCodec.java:49)
at org.openqa.selenium.remote.HttpCommandExecutor.execute(HttpCommandExecutor.java:158)
at org.openqa.selenium.remote.service.DriverCommandExecutor.execute(DriverCommandExecutor.java:83)
at org.openqa.selenium.remote.RemoteWebDriver.execute(RemoteWebDriver.java:552)
at org.openqa.selenium.remote.RemoteWebDriver.findElement(RemoteWebDriver.java:323)
at org.openqa.selenium.remote.RemoteWebDriver.findElementByXPath(RemoteWebDriver.java:428)
at org.openqa.selenium.By$ByXPath.findElement(By.java:353)
at org.openqa.selenium.remote.RemoteWebDriver.findElement(RemoteWebDriver.java:315)
at org.openqa.selenium.support.ui.ExpectedConditions$7.apply(ExpectedConditions.java:205)
at org.openqa.selenium.support.ui.ExpectedConditions$7.apply(ExpectedConditions.java:201)
at org.openqa.selenium.support.ui.FluentWait.until(FluentWait.java:249)
... 26 more
... Removed 28 stack frames]]>
    </failure>
  </testcase> <!-- SearchandVerifyproduct -->
  <testcase name="produtselectionandincreament" time="27.107" classname="com.theagoraexchange.test.Test"/>
  <testcase name="produtselectionandincreament" time="27.11" classname="com.theagoraexchange.test.Test">
    <failure type="java.lang.NullPointerException">
      <![CDATA[java.lang.NullPointerException
at com.theagoraexchange.utility.Listerners.onTestSuccess(Listerners.java:23)
... Removed 22 stack frames]]>
    </failure>
  </testcase> <!-- produtselectionandincreament -->
  <testcase name="addToCart" time="0.356" classname="com.theagoraexchange.test.Test"/>
  <testcase name="addToCart" time="0.365" classname="com.theagoraexchange.test.Test">
    <failure type="java.lang.NullPointerException">
      <![CDATA[java.lang.NullPointerException
at com.theagoraexchange.utility.Listerners.onTestSuccess(Listerners.java:23)
... Removed 22 stack frames]]>
    </failure>
  </testcase> <!-- addToCart -->
</testsuite> <!-- EdgeTest -->
